C:\USERS\ARAVIN\DESKTOP\IDO\DEBUG\IDO.BSC
C:\USERS\ARAVIN\DESKTOP\IDO\DEBUG\IDO.EXE
C:\USERS\ARAVIN\DESKTOP\IDO\DEBUG\IDO.PDB
C:\USERS\ARAVIN\DESKTOP\IDO\SOURCE\IDO\DEBUG\COMMANDPROCESSOR.OBJ
C:\USERS\ARAVIN\DESKTOP\IDO\SOURCE\IDO\DEBUG\COMMANDPROCESSOR.SBR
C:\USERS\ARAVIN\DESKTOP\IDO\SOURCE\IDO\DEBUG\DEADLINEDTASK.OBJ
C:\USERS\ARAVIN\DESKTOP\IDO\SOURCE\IDO\DEBUG\DEADLINEDTASK.SBR
C:\USERS\ARAVIN\DESKTOP\IDO\SOURCE\IDO\DEBUG\FILEIO.OBJ
C:\USERS\ARAVIN\DESKTOP\IDO\SOURCE\IDO\DEBUG\FILEIO.SBR
C:\USERS\ARAVIN\DESKTOP\IDO\SOURCE\IDO\DEBUG\FLOATINGTASK.OBJ
C:\USERS\ARAVIN\DESKTOP\IDO\SOURCE\IDO\DEBUG\FLOATINGTASK.SBR
C:\USERS\ARAVIN\DESKTOP\IDO\SOURCE\IDO\DEBUG\IDO.EXE.EMBED.MANIFEST
C:\USERS\ARAVIN\DESKTOP\IDO\SOURCE\IDO\DEBUG\IDO.EXE.EMBED.MANIFEST.RES
C:\USERS\ARAVIN\DESKTOP\IDO\SOURCE\IDO\DEBUG\IDO.EXE.INTERMEDIATE.MANIFEST
C:\USERS\ARAVIN\DESKTOP\IDO\SOURCE\IDO\DEBUG\LOGIC.OBJ
C:\USERS\ARAVIN\DESKTOP\IDO\SOURCE\IDO\DEBUG\LOGIC.SBR
C:\USERS\ARAVIN\DESKTOP\IDO\SOURCE\IDO\DEBUG\MAIN.OBJ
C:\USERS\ARAVIN\DESKTOP\IDO\SOURCE\IDO\DEBUG\MAIN.SBR
C:\USERS\ARAVIN\DESKTOP\IDO\SOURCE\IDO\DEBUG\SEARCH.OBJ
C:\USERS\ARAVIN\DESKTOP\IDO\SOURCE\IDO\DEBUG\SEARCH.SBR
C:\USERS\ARAVIN\DESKTOP\IDO\SOURCE\IDO\DEBUG\SORT.OBJ
C:\USERS\ARAVIN\DESKTOP\IDO\SOURCE\IDO\DEBUG\SORT.SBR
C:\USERS\ARAVIN\DESKTOP\IDO\SOURCE\IDO\DEBUG\TIMEDTASK.OBJ
C:\USERS\ARAVIN\DESKTOP\IDO\SOURCE\IDO\DEBUG\TIMEDTASK.SBR
C:\USERS\ARAVIN\DESKTOP\IDO\SOURCE\IDO\DEBUG\UI.OBJ
C:\USERS\ARAVIN\DESKTOP\IDO\SOURCE\IDO\DEBUG\UI.SBR
C:\USERS\ARAVIN\DESKTOP\IDO\SOURCE\IDO\DEBUG\VC100.PDB
C:\USERS\SPATIKA\DOCUMENTS\VISUAL STUDIO 2012\PROJECTS\IDO\DEBUG\IDO.BSC
C:\USERS\SPATIKA\DOCUMENTS\VISUAL STUDIO 2012\PROJECTS\IDO\DEBUG\IDO.EXE
C:\USERS\SPATIKA\DOCUMENTS\VISUAL STUDIO 2012\PROJECTS\IDO\DEBUG\IDO.PDB
C:\Users\Spatika\Documents\Visual Studio 2012\Projects\iDo\Source\iDo\Debug\AddCommand.obj
C:\Users\Spatika\Documents\Visual Studio 2012\Projects\iDo\Source\iDo\Debug\AddCommand.sbr
C:\Users\Spatika\Documents\Visual Studio 2012\Projects\iDo\Source\iDo\Debug\BscMake.command.1.tlog
C:\Users\Spatika\Documents\Visual Studio 2012\Projects\iDo\Source\iDo\Debug\bscmake.read.1.tlog
C:\Users\Spatika\Documents\Visual Studio 2012\Projects\iDo\Source\iDo\Debug\BscMake.write.1.tlog
C:\Users\Spatika\Documents\Visual Studio 2012\Projects\iDo\Source\iDo\Debug\cl.command.1.tlog
C:\Users\Spatika\Documents\Visual Studio 2012\Projects\iDo\Source\iDo\Debug\CL.read.1.tlog
C:\Users\Spatika\Documents\Visual Studio 2012\Projects\iDo\Source\iDo\Debug\CL.write.1.tlog
C:\Users\Spatika\Documents\Visual Studio 2012\Projects\iDo\Source\iDo\Debug\Command.obj
C:\Users\Spatika\Documents\Visual Studio 2012\Projects\iDo\Source\iDo\Debug\Command.sbr
C:\USERS\SPATIKA\DOCUMENTS\VISUAL STUDIO 2012\PROJECTS\IDO\SOURCE\IDO\DEBUG\COMMANDPROCESSOR.OBJ
C:\USERS\SPATIKA\DOCUMENTS\VISUAL STUDIO 2012\PROJECTS\IDO\SOURCE\IDO\DEBUG\COMMANDPROCESSOR.SBR
C:\USERS\SPATIKA\DOCUMENTS\VISUAL STUDIO 2012\PROJECTS\IDO\SOURCE\IDO\DEBUG\DEADLINEDTASK.OBJ
C:\USERS\SPATIKA\DOCUMENTS\VISUAL STUDIO 2012\PROJECTS\IDO\SOURCE\IDO\DEBUG\DEADLINEDTASK.SBR
C:\Users\Spatika\Documents\Visual Studio 2012\Projects\iDo\Source\iDo\Debug\DeleteCommand.obj
C:\Users\Spatika\Documents\Visual Studio 2012\Projects\iDo\Source\iDo\Debug\DeleteCommand.sbr
C:\Users\Spatika\Documents\Visual Studio 2012\Projects\iDo\Source\iDo\Debug\EditCommand.obj
C:\Users\Spatika\Documents\Visual Studio 2012\Projects\iDo\Source\iDo\Debug\EditCommand.sbr
C:\USERS\SPATIKA\DOCUMENTS\VISUAL STUDIO 2012\PROJECTS\IDO\SOURCE\IDO\DEBUG\FILEIO.OBJ
C:\USERS\SPATIKA\DOCUMENTS\VISUAL STUDIO 2012\PROJECTS\IDO\SOURCE\IDO\DEBUG\FILEIO.SBR
C:\USERS\SPATIKA\DOCUMENTS\VISUAL STUDIO 2012\PROJECTS\IDO\SOURCE\IDO\DEBUG\FLOATINGTASK.OBJ
C:\USERS\SPATIKA\DOCUMENTS\VISUAL STUDIO 2012\PROJECTS\IDO\SOURCE\IDO\DEBUG\FLOATINGTASK.SBR
C:\Users\Spatika\Documents\Visual Studio 2012\Projects\iDo\Source\iDo\Debug\iDo.exe.embed.manifest
C:\Users\Spatika\Documents\Visual Studio 2012\Projects\iDo\Source\iDo\Debug\iDo.exe.embed.manifest.res
C:\USERS\SPATIKA\DOCUMENTS\VISUAL STUDIO 2012\PROJECTS\IDO\SOURCE\IDO\DEBUG\IDO.EXE.INTERMEDIATE.MANIFEST
C:\Users\Spatika\Documents\Visual Studio 2012\Projects\iDo\Source\iDo\Debug\iDo_manifest.rc
C:\Users\Spatika\Documents\Visual Studio 2012\Projects\iDo\Source\iDo\Debug\link.command.1.tlog
C:\Users\Spatika\Documents\Visual Studio 2012\Projects\iDo\Source\iDo\Debug\link.read.1.tlog
C:\Users\Spatika\Documents\Visual Studio 2012\Projects\iDo\Source\iDo\Debug\link.write.1.tlog
C:\USERS\SPATIKA\DOCUMENTS\VISUAL STUDIO 2012\PROJECTS\IDO\SOURCE\IDO\DEBUG\LOGIC.OBJ
C:\USERS\SPATIKA\DOCUMENTS\VISUAL STUDIO 2012\PROJECTS\IDO\SOURCE\IDO\DEBUG\LOGIC.SBR
C:\USERS\SPATIKA\DOCUMENTS\VISUAL STUDIO 2012\PROJECTS\IDO\SOURCE\IDO\DEBUG\MAIN.OBJ
C:\USERS\SPATIKA\DOCUMENTS\VISUAL STUDIO 2012\PROJECTS\IDO\SOURCE\IDO\DEBUG\MAIN.SBR
C:\Users\Spatika\Documents\Visual Studio 2012\Projects\iDo\Source\iDo\Debug\mt.command.1.tlog
C:\Users\Spatika\Documents\Visual Studio 2012\Projects\iDo\Source\iDo\Debug\mt.read.1.tlog
C:\Users\Spatika\Documents\Visual Studio 2012\Projects\iDo\Source\iDo\Debug\mt.write.1.tlog
C:\Users\Spatika\Documents\Visual Studio 2012\Projects\iDo\Source\iDo\Debug\rc.command.1.tlog
C:\Users\Spatika\Documents\Visual Studio 2012\Projects\iDo\Source\iDo\Debug\rc.read.1.tlog
C:\Users\Spatika\Documents\Visual Studio 2012\Projects\iDo\Source\iDo\Debug\rc.write.1.tlog
C:\USERS\SPATIKA\DOCUMENTS\VISUAL STUDIO 2012\PROJECTS\IDO\SOURCE\IDO\DEBUG\SEARCH.OBJ
C:\USERS\SPATIKA\DOCUMENTS\VISUAL STUDIO 2012\PROJECTS\IDO\SOURCE\IDO\DEBUG\SEARCH.SBR
C:\Users\Spatika\Documents\Visual Studio 2012\Projects\iDo\Source\iDo\Debug\SearchCommand.obj
C:\Users\Spatika\Documents\Visual Studio 2012\Projects\iDo\Source\iDo\Debug\SearchCommand.sbr
C:\USERS\SPATIKA\DOCUMENTS\VISUAL STUDIO 2012\PROJECTS\IDO\SOURCE\IDO\DEBUG\SORT.OBJ
C:\USERS\SPATIKA\DOCUMENTS\VISUAL STUDIO 2012\PROJECTS\IDO\SOURCE\IDO\DEBUG\SORT.SBR
C:\USERS\SPATIKA\DOCUMENTS\VISUAL STUDIO 2012\PROJECTS\IDO\SOURCE\IDO\DEBUG\TIMEDTASK.OBJ
C:\USERS\SPATIKA\DOCUMENTS\VISUAL STUDIO 2012\PROJECTS\IDO\SOURCE\IDO\DEBUG\TIMEDTASK.SBR
C:\USERS\SPATIKA\DOCUMENTS\VISUAL STUDIO 2012\PROJECTS\IDO\SOURCE\IDO\DEBUG\UI.OBJ
C:\USERS\SPATIKA\DOCUMENTS\VISUAL STUDIO 2012\PROJECTS\IDO\SOURCE\IDO\DEBUG\UI.SBR
C:\Users\Spatika\Documents\Visual Studio 2012\Projects\iDo\Source\iDo\Debug\vc100.idb
C:\USERS\SPATIKA\DOCUMENTS\VISUAL STUDIO 2012\PROJECTS\IDO\SOURCE\IDO\DEBUG\VC100.PDB
C:\USERS\SUPRAJA\DOCUMENTS\VISUAL STUDIO 2012\PROJECTS\CS2103AUG12-T10-2C\DEBUG\IDO.BSC
C:\USERS\SUPRAJA\DOCUMENTS\VISUAL STUDIO 2012\PROJECTS\CS2103AUG12-T10-2C\DEBUG\IDO.EXE
C:\USERS\SUPRAJA\DOCUMENTS\VISUAL STUDIO 2012\PROJECTS\CS2103AUG12-T10-2C\DEBUG\IDO.PDB
C:\USERS\SUPRAJA\DOCUMENTS\VISUAL STUDIO 2012\PROJECTS\CS2103AUG12-T10-2C\SOURCE\IDO\DEBUG\COMMANDPROCESSOR.OBJ
C:\USERS\SUPRAJA\DOCUMENTS\VISUAL STUDIO 2012\PROJECTS\CS2103AUG12-T10-2C\SOURCE\IDO\DEBUG\COMMANDPROCESSOR.SBR
C:\USERS\SUPRAJA\DOCUMENTS\VISUAL STUDIO 2012\PROJECTS\CS2103AUG12-T10-2C\SOURCE\IDO\DEBUG\DEADLINEDTASK.OBJ
C:\USERS\SUPRAJA\DOCUMENTS\VISUAL STUDIO 2012\PROJECTS\CS2103AUG12-T10-2C\SOURCE\IDO\DEBUG\DEADLINEDTASK.SBR
C:\USERS\SUPRAJA\DOCUMENTS\VISUAL STUDIO 2012\PROJECTS\CS2103AUG12-T10-2C\SOURCE\IDO\DEBUG\FILEIO.OBJ
C:\USERS\SUPRAJA\DOCUMENTS\VISUAL STUDIO 2012\PROJECTS\CS2103AUG12-T10-2C\SOURCE\IDO\DEBUG\FILEIO.SBR
C:\USERS\SUPRAJA\DOCUMENTS\VISUAL STUDIO 2012\PROJECTS\CS2103AUG12-T10-2C\SOURCE\IDO\DEBUG\FLOATINGTASK.OBJ
C:\USERS\SUPRAJA\DOCUMENTS\VISUAL STUDIO 2012\PROJECTS\CS2103AUG12-T10-2C\SOURCE\IDO\DEBUG\FLOATINGTASK.SBR
C:\USERS\SUPRAJA\DOCUMENTS\VISUAL STUDIO 2012\PROJECTS\CS2103AUG12-T10-2C\SOURCE\IDO\DEBUG\IDO.EXE.INTERMEDIATE.MANIFEST
C:\USERS\SUPRAJA\DOCUMENTS\VISUAL STUDIO 2012\PROJECTS\CS2103AUG12-T10-2C\SOURCE\IDO\DEBUG\LOGIC.OBJ
C:\USERS\SUPRAJA\DOCUMENTS\VISUAL STUDIO 2012\PROJECTS\CS2103AUG12-T10-2C\SOURCE\IDO\DEBUG\LOGIC.SBR
C:\USERS\SUPRAJA\DOCUMENTS\VISUAL STUDIO 2012\PROJECTS\CS2103AUG12-T10-2C\SOURCE\IDO\DEBUG\MAIN.OBJ
C:\USERS\SUPRAJA\DOCUMENTS\VISUAL STUDIO 2012\PROJECTS\CS2103AUG12-T10-2C\SOURCE\IDO\DEBUG\MAIN.SBR
C:\USERS\SUPRAJA\DOCUMENTS\VISUAL STUDIO 2012\PROJECTS\CS2103AUG12-T10-2C\SOURCE\IDO\DEBUG\SEARCH.OBJ
C:\USERS\SUPRAJA\DOCUMENTS\VISUAL STUDIO 2012\PROJECTS\CS2103AUG12-T10-2C\SOURCE\IDO\DEBUG\SEARCH.SBR
C:\USERS\SUPRAJA\DOCUMENTS\VISUAL STUDIO 2012\PROJECTS\CS2103AUG12-T10-2C\SOURCE\IDO\DEBUG\SORT.OBJ
C:\USERS\SUPRAJA\DOCUMENTS\VISUAL STUDIO 2012\PROJECTS\CS2103AUG12-T10-2C\SOURCE\IDO\DEBUG\SORT.SBR
C:\USERS\SUPRAJA\DOCUMENTS\VISUAL STUDIO 2012\PROJECTS\CS2103AUG12-T10-2C\SOURCE\IDO\DEBUG\TIMEDTASK.OBJ
C:\USERS\SUPRAJA\DOCUMENTS\VISUAL STUDIO 2012\PROJECTS\CS2103AUG12-T10-2C\SOURCE\IDO\DEBUG\TIMEDTASK.SBR
C:\USERS\SUPRAJA\DOCUMENTS\VISUAL STUDIO 2012\PROJECTS\CS2103AUG12-T10-2C\SOURCE\IDO\DEBUG\UI.OBJ
C:\USERS\SUPRAJA\DOCUMENTS\VISUAL STUDIO 2012\PROJECTS\CS2103AUG12-T10-2C\SOURCE\IDO\DEBUG\UI.SBR
C:\USERS\SUPRAJA\DOCUMENTS\VISUAL STUDIO 2012\PROJECTS\CS2103AUG12-T10-2C\SOURCE\IDO\DEBUG\VC100.PDB
