C:\USERS\ARAVIN\DESKTOP\IDO\IDONEW\DEBUG\COMMAND.OBJ
C:\USERS\ARAVIN\DESKTOP\IDO\IDONEW\DEBUG\COMMANDPROCESSOR.OBJ
C:\USERS\ARAVIN\DESKTOP\IDO\IDONEW\DEBUG\DEADLINEDTASK.OBJ
C:\USERS\ARAVIN\DESKTOP\IDO\IDONEW\DEBUG\FILEIO.OBJ
C:\USERS\ARAVIN\DESKTOP\IDO\IDONEW\DEBUG\FLOATINGTASK.OBJ
C:\USERS\ARAVIN\DESKTOP\IDO\IDONEW\DEBUG\LOGIC.OBJ
C:\USERS\ARAVIN\DESKTOP\IDO\IDONEW\DEBUG\MAIN.OBJ
C:\USERS\ARAVIN\DESKTOP\IDO\IDONEW\DEBUG\SEARCH.OBJ
C:\USERS\ARAVIN\DESKTOP\IDO\IDONEW\DEBUG\SORT.OBJ
C:\USERS\ARAVIN\DESKTOP\IDO\IDONEW\DEBUG\TIMEDTASK.OBJ
C:\USERS\ARAVIN\DESKTOP\IDO\IDONEW\DEBUG\UI.OBJ
C:\USERS\ARAVIN\DESKTOP\IDO\IDONEW\DEBUG\VC100.PDB
C:\USERS\ARAVIN\DESKTOP\IDONEW\DEBUG\IDO.EXE
C:\USERS\ARAVIN\DESKTOP\IDONEW\DEBUG\IDO.PDB
C:\Users\aravin\Desktop\iDoNew\iDoNew\Debug\cl.command.1.tlog
C:\Users\aravin\Desktop\iDoNew\iDoNew\Debug\CL.read.1.tlog
C:\Users\aravin\Desktop\iDoNew\iDoNew\Debug\CL.write.1.tlog
C:\USERS\ARAVIN\DESKTOP\IDONEW\IDONEW\DEBUG\COMMANDPROCESSOR.OBJ
C:\USERS\ARAVIN\DESKTOP\IDONEW\IDONEW\DEBUG\DEADLINEDTASK.OBJ
C:\USERS\ARAVIN\DESKTOP\IDONEW\IDONEW\DEBUG\FILEIO.OBJ
C:\USERS\ARAVIN\DESKTOP\IDONEW\IDONEW\DEBUG\FLOATINGTASK.OBJ
C:\USERS\ARAVIN\DESKTOP\IDONEW\IDONEW\DEBUG\IDO.EXE.INTERMEDIATE.MANIFEST
C:\Users\aravin\Desktop\iDoNew\iDoNew\Debug\iDo.write.1.tlog
C:\Users\aravin\Desktop\iDoNew\iDoNew\Debug\link.command.1.tlog
C:\Users\aravin\Desktop\iDoNew\iDoNew\Debug\link.read.1.tlog
C:\Users\aravin\Desktop\iDoNew\iDoNew\Debug\link.write.1.tlog
C:\USERS\ARAVIN\DESKTOP\IDONEW\IDONEW\DEBUG\LOGIC.OBJ
C:\USERS\ARAVIN\DESKTOP\IDONEW\IDONEW\DEBUG\MAIN.OBJ
C:\Users\aravin\Desktop\iDoNew\iDoNew\Debug\mt.command.1.tlog
C:\Users\aravin\Desktop\iDoNew\iDoNew\Debug\mt.read.1.tlog
C:\Users\aravin\Desktop\iDoNew\iDoNew\Debug\mt.write.1.tlog
C:\USERS\ARAVIN\DESKTOP\IDONEW\IDONEW\DEBUG\SEARCH.OBJ
C:\USERS\ARAVIN\DESKTOP\IDONEW\IDONEW\DEBUG\SORT.OBJ
C:\USERS\ARAVIN\DESKTOP\IDONEW\IDONEW\DEBUG\TIMEDTASK.OBJ
C:\USERS\ARAVIN\DESKTOP\IDONEW\IDONEW\DEBUG\UI.OBJ
C:\Users\aravin\Desktop\iDoNew\iDoNew\Debug\vc100.idb
C:\USERS\ARAVIN\DESKTOP\IDONEW\IDONEW\DEBUG\VC100.PDB
C:\USERS\SPATIKA\DOCUMENTS\VISUAL STUDIO 2010\PROJECTS\IDONEW\IDONEW\DEBUG\COMMAND.OBJ
C:\USERS\SPATIKA\DOCUMENTS\VISUAL STUDIO 2010\PROJECTS\IDONEW\IDONEW\DEBUG\COMMANDPROCESSOR.OBJ
C:\USERS\SPATIKA\DOCUMENTS\VISUAL STUDIO 2010\PROJECTS\IDONEW\IDONEW\DEBUG\DEADLINEDTASK.OBJ
C:\USERS\SPATIKA\DOCUMENTS\VISUAL STUDIO 2010\PROJECTS\IDONEW\IDONEW\DEBUG\FILEIO.OBJ
C:\USERS\SPATIKA\DOCUMENTS\VISUAL STUDIO 2010\PROJECTS\IDONEW\IDONEW\DEBUG\FLOATINGTASK.OBJ
C:\USERS\SPATIKA\DOCUMENTS\VISUAL STUDIO 2010\PROJECTS\IDONEW\IDONEW\DEBUG\LOGIC.OBJ
C:\USERS\SPATIKA\DOCUMENTS\VISUAL STUDIO 2010\PROJECTS\IDONEW\IDONEW\DEBUG\MAIN.OBJ
C:\USERS\SPATIKA\DOCUMENTS\VISUAL STUDIO 2010\PROJECTS\IDONEW\IDONEW\DEBUG\SEARCH.OBJ
C:\USERS\SPATIKA\DOCUMENTS\VISUAL STUDIO 2010\PROJECTS\IDONEW\IDONEW\DEBUG\SORT.OBJ
C:\USERS\SPATIKA\DOCUMENTS\VISUAL STUDIO 2010\PROJECTS\IDONEW\IDONEW\DEBUG\TIMEDTASK.OBJ
C:\USERS\SPATIKA\DOCUMENTS\VISUAL STUDIO 2010\PROJECTS\IDONEW\IDONEW\DEBUG\UI.OBJ
C:\USERS\SPATIKA\DOCUMENTS\VISUAL STUDIO 2010\PROJECTS\IDONEW\IDONEW\DEBUG\VC100.PDB
C:\USERS\SUPRAJA\DOCUMENTS\VISUAL STUDIO 2010\PROJECTS\IDONEW\DEBUG\IDO.EXE
C:\USERS\SUPRAJA\DOCUMENTS\VISUAL STUDIO 2010\PROJECTS\IDONEW\DEBUG\IDO.PDB
C:\USERS\SUPRAJA\DOCUMENTS\VISUAL STUDIO 2010\PROJECTS\IDONEW\IDONEW\DEBUG\IDO.EXE.INTERMEDIATE.MANIFEST
