Build started 11/11/2012 12:18:03 PM.
     1>Project "C:\Users\Spatika\Documents\Visual Studio 2010\Projects\iDoNew\iDoNew\iDoNew.vcxproj" on node 2 (build target(s)).
     1>InitializeBuildStatus:
         Touching "Debug\iDo.unsuccessfulbuild".
       ClCompile:
         c:\Program Files (x86)\Microsoft Visual Studio 10.0\VC\bin\CL.exe /c /ZI /nologo /W3 /WX- /Od /Oy- /D WIN32 /D _DEBUG /D _CONSOLE /D _UNICODE /D UNICODE /Gm /EHsc /RTC1 /MTd /GS /fp:precise /Zc:wchar_t /Zc:forScope /Fo"Debug\\" /Fd"Debug\vc100.pdb" /Gd /TP /analyze- /errorReport:prompt ..\Source\iDoNew\UI.cpp
         UI.cpp
     1>c:\users\spatika\documents\visual studio 2010\projects\idonew\source\idonew\ui.cpp(123): warning C4101: 'spaceIsAt' : unreferenced local variable
     1>c:\users\spatika\documents\visual studio 2010\projects\idonew\source\idonew\ui.cpp(210): warning C4996: 'asctime': This function or variable may be unsafe. Consider using asctime_s instead. To disable deprecation, use _CRT_SECURE_NO_WARNINGS. See online help for details.
                 c:\program files (x86)\microsoft visual studio 10.0\vc\include\time.h(153) : see declaration of 'asctime'
     1>c:\users\spatika\documents\visual studio 2010\projects\idonew\source\idonew\ui.cpp(211): warning C4996: 'asctime': This function or variable may be unsafe. Consider using asctime_s instead. To disable deprecation, use _CRT_SECURE_NO_WARNINGS. See online help for details.
                 c:\program files (x86)\microsoft visual studio 10.0\vc\include\time.h(153) : see declaration of 'asctime'
     1>c:\users\spatika\documents\visual studio 2010\projects\idonew\source\idonew\ui.cpp(232): warning C4996: 'asctime': This function or variable may be unsafe. Consider using asctime_s instead. To disable deprecation, use _CRT_SECURE_NO_WARNINGS. See online help for details.
                 c:\program files (x86)\microsoft visual studio 10.0\vc\include\time.h(153) : see declaration of 'asctime'
       Link:
         c:\Program Files (x86)\Microsoft Visual Studio 10.0\VC\bin\link.exe /ERRORREPORT:PROMPT /OUT:"C:\Users\Spatika\Documents\Visual Studio 2010\Projects\iDoNew\Debug\iDo.exe" /INCREMENTAL:NO /NOLOGO /LIBPATH:"C:\Users\Spatika\Documents\Visual Studio 2010\Projects\iDoNew\lib" gtestd.lib kernel32.lib user32.lib gdi32.lib winspool.lib comdlg32.lib advapi32.lib shell32.lib ole32.lib oleaut32.lib uuid.lib odbc32.lib odbccp32.lib /MANIFEST /ManifestFile:"Debug\iDo.exe.intermediate.manifest" /MANIFESTUAC:"level='asInvoker' uiAccess='false'" /DEBUG /PDB:"C:\Users\Spatika\Documents\Visual Studio 2010\Projects\iDoNew\Debug\iDo.pdb" /SUBSYSTEM:CONSOLE /TLBID:1 /DYNAMICBASE /NXCOMPAT /IMPLIB:"C:\Users\Spatika\Documents\Visual Studio 2010\Projects\iDoNew\Debug\iDo.lib" /MACHINE:X86 Debug\CommandProcessor.obj
         Debug\DeadlinedTask.obj
         Debug\FileIO.obj
         Debug\FloatingTask.obj
         Debug\Logic.obj
         Debug\Main.obj
         Debug\Search.obj
         Debug\Sort.obj
         Debug\TimedTask.obj
         Debug\UI.obj
     1>CommandProcessor.obj : warning LNK4075: ignoring '/EDITANDCONTINUE' due to '/INCREMENTAL:NO' specification
         iDoNew.vcxproj -> C:\Users\Spatika\Documents\Visual Studio 2010\Projects\iDoNew\Debug\iDo.exe
       Manifest:
         C:\Program Files (x86)\Microsoft SDKs\Windows\v7.0A\bin\mt.exe /nologo /verbose /outputresource:"C:\Users\Spatika\Documents\Visual Studio 2010\Projects\iDoNew\Debug\iDo.exe;#1" /manifest Debug\iDo.exe.intermediate.manifest
       FinalizeBuildStatus:
         Deleting file "Debug\iDo.unsuccessfulbuild".
         Touching "Debug\iDo.lastbuildstate".
     1>Done Building Project "C:\Users\Spatika\Documents\Visual Studio 2010\Projects\iDoNew\iDoNew\iDoNew.vcxproj" (build target(s)).

Build succeeded.

Time Elapsed 00:00:02.65
